Compiling the CXX compiler identification source file "CMakeCXXCompilerId.cpp" failed.
Compiler: /home/marc/anaconda/bin/clang++ 
Build flags: 
Id flags: 

The output was:
1
/usr/bin/ld: cannot find -lstdc++
clang: error: linker command failed with exit code 1 (use -v to see invocation)


Determining if the CXX compiler works failed with the following output:
Change Dir: /home/marc/workspace/dlib-master/dlib/test/build/CMakeFiles/CMakeTmp

Run Build Command:/usr/bin/make "cmTryCompileExec2505946660/fast"
/usr/bin/make -f CMakeFiles/cmTryCompileExec2505946660.dir/build.make CMakeFiles/cmTryCompileExec2505946660.dir/build
make[1]: Entering directory `/home/marc/workspace/dlib-master/dlib/test/build/CMakeFiles/CMakeTmp'
/usr/bin/cmake -E cmake_progress_report /home/marc/workspace/dlib-master/dlib/test/build/CMakeFiles/CMakeTmp/CMakeFiles 1
Building CXX object CMakeFiles/cmTryCompileExec2505946660.dir/testCXXCompiler.cxx.o
/home/marc/anaconda/bin/clang++     -o CMakeFiles/cmTryCompileExec2505946660.dir/testCXXCompiler.cxx.o -c /home/marc/workspace/dlib-master/dlib/test/build/CMakeFiles/CMakeTmp/testCXXCompiler.cxx
Linking CXX executable cmTryCompileExec2505946660
/usr/bin/cmake -E cmake_link_script CMakeFiles/cmTryCompileExec2505946660.dir/link.txt --verbose=1
/home/marc/anaconda/bin/clang++        CMakeFiles/cmTryCompileExec2505946660.dir/testCXXCompiler.cxx.o  -o cmTryCompileExec2505946660 -rdynamic 
/usr/bin/ld: cannot find -lstdc++
clang: error: linker command failed with exit code 1 (use -v to see invocation)
make[1]: *** [cmTryCompileExec2505946660] Error 1
make[1]: Leaving directory `/home/marc/workspace/dlib-master/dlib/test/build/CMakeFiles/CMakeTmp'
make: *** [cmTryCompileExec2505946660/fast] Error 2


